[debug] [2020-05-05T11:04:16.328Z] ----------------------------------------------------------------------
[debug] [2020-05-05T11:04:16.330Z] Command:       /usr/local/bin/node /usr/local/bin/firebase serve
[debug] [2020-05-05T11:04:16.330Z] CLI Version:   8.2.0
[debug] [2020-05-05T11:04:16.330Z] Platform:      linux
[debug] [2020-05-05T11:04:16.330Z] Node Version:  v12.16.3
[debug] [2020-05-05T11:04:16.331Z] Time:          Tue May 05 2020 16:34:16 GMT+0530 (India Standard Time)
[debug] [2020-05-05T11:04:16.331Z] ----------------------------------------------------------------------
[debug] [2020-05-05T11:04:16.331Z] 
[debug] [2020-05-05T11:04:16.336Z] > command requires scopes: ["email","openid","https://www.googleapis.com/auth/cloudplatformprojects.readonly","https://www.googleapis.com/auth/firebase","https://www.googleapis.com/auth/cloud-platform"]
[debug] [2020-05-05T11:04:16.336Z] > authorizing via signed-in user
[debug] [2020-05-05T11:04:16.337Z] [iam] checking project bestshayari-7f672 for permissions ["firebase.projects.get"]
[debug] [2020-05-05T11:04:16.339Z] >>> HTTP REQUEST POST https://cloudresourcemanager.googleapis.com/v1/projects/bestshayari-7f672:testIamPermissions  
 {"permissions":["firebase.projects.get"]}
[debug] [2020-05-05T11:04:19.722Z] <<< HTTP RESPONSE 200 {"content-type":"application/json; charset=UTF-8","vary":"X-Origin, Referer, Origin,Accept-Encoding","date":"Tue, 05 May 2020 11:01:52 GMT","server":"ESF","cache-control":"private","x-xss-protection":"0","x-frame-options":"SAMEORIGIN","x-content-type-options":"nosniff","server-timing":"gfet4t7; dur=1592","alt-svc":"h3-Q050=\":443\"; ma=2592000,h3-Q049=\":443\"; ma=2592000,h3-Q048=\":443\"; ma=2592000,h3-Q046=\":443\"; ma=2592000,h3-Q043=\":443\"; ma=2592000,quic=\":443\"; ma=2592000; v=\"46,43\"","accept-ranges":"none","transfer-encoding":"chunked"}
[debug] [2020-05-05T11:04:19.723Z] >>> HTTP REQUEST GET https://firebase.googleapis.com/v1beta1/projects/bestshayari-7f672  
 
[debug] [2020-05-05T11:04:20.528Z] <<< HTTP RESPONSE 200 {"content-type":"application/json; charset=UTF-8","vary":"X-Origin, Referer, Origin,Accept-Encoding","date":"Tue, 05 May 2020 11:01:53 GMT","server":"ESF","cache-control":"private","x-xss-protection":"0","x-frame-options":"SAMEORIGIN","x-content-type-options":"nosniff","alt-svc":"h3-Q050=\":443\"; ma=2592000,h3-Q049=\":443\"; ma=2592000,h3-Q048=\":443\"; ma=2592000,h3-Q046=\":443\"; ma=2592000,h3-Q043=\":443\"; ma=2592000,quic=\":443\"; ma=2592000; v=\"46,43\"","accept-ranges":"none","transfer-encoding":"chunked"}
[info] 
[info] === Serving from '/home/harshvats/react apps/bestshayari'...
[info] 
[debug] [2020-05-05T11:04:20.532Z] >>> HTTP REQUEST GET https://firebase.googleapis.com/v1beta1/projects/bestshayari-7f672/webApps/-/config  
 
[debug] [2020-05-05T11:04:22.037Z] <<< HTTP RESPONSE 200 {"content-type":"application/json; charset=UTF-8","vary":"X-Origin, Referer, Origin,Accept-Encoding","date":"Tue, 05 May 2020 11:01:55 GMT","server":"ESF","cache-control":"private","x-xss-protection":"0","x-frame-options":"SAMEORIGIN","x-content-type-options":"nosniff","alt-svc":"h3-Q050=\":443\"; ma=2592000,h3-Q049=\":443\"; ma=2592000,h3-Q048=\":443\"; ma=2592000,h3-Q046=\":443\"; ma=2592000,h3-Q043=\":443\"; ma=2592000,quic=\":443\"; ma=2592000; v=\"46,43\"","accept-ranges":"none","transfer-encoding":"chunked"}
[warn] ⚠  hosting: Port 5000 is not available. Trying another port...
[info] i  hosting: Serving hosting files from: build
[info] ✔  hosting: Local server: http://localhost:5005
[debug] [2020-05-05T11:08:50.065Z] ----------------------------------------------------------------------
[debug] [2020-05-05T11:08:50.067Z] Command:       /usr/local/bin/node /usr/local/bin/firebase serve
[debug] [2020-05-05T11:08:50.067Z] CLI Version:   8.2.0
[debug] [2020-05-05T11:08:50.067Z] Platform:      linux
[debug] [2020-05-05T11:08:50.067Z] Node Version:  v12.16.3
[debug] [2020-05-05T11:08:50.067Z] Time:          Tue May 05 2020 16:38:50 GMT+0530 (India Standard Time)
[debug] [2020-05-05T11:08:50.068Z] ----------------------------------------------------------------------
[debug] [2020-05-05T11:08:50.068Z] 
[debug] [2020-05-05T11:08:50.073Z] > command requires scopes: ["email","openid","https://www.googleapis.com/auth/cloudplatformprojects.readonly","https://www.googleapis.com/auth/firebase","https://www.googleapis.com/auth/cloud-platform"]
[debug] [2020-05-05T11:08:50.073Z] > authorizing via signed-in user
[debug] [2020-05-05T11:08:50.074Z] [iam] checking project bestshayari-7f672 for permissions ["firebase.projects.get"]
[debug] [2020-05-05T11:08:50.076Z] >>> HTTP REQUEST POST https://cloudresourcemanager.googleapis.com/v1/projects/bestshayari-7f672:testIamPermissions  
 {"permissions":["firebase.projects.get"]}
[debug] [2020-05-05T11:08:52.364Z] <<< HTTP RESPONSE 200 {"content-type":"application/json; charset=UTF-8","vary":"X-Origin, Referer, Origin,Accept-Encoding","date":"Tue, 05 May 2020 11:06:25 GMT","server":"ESF","cache-control":"private","x-xss-protection":"0","x-frame-options":"SAMEORIGIN","x-content-type-options":"nosniff","server-timing":"gfet4t7; dur=1657","alt-svc":"h3-Q050=\":443\"; ma=2592000,h3-Q049=\":443\"; ma=2592000,h3-Q048=\":443\"; ma=2592000,h3-Q046=\":443\"; ma=2592000,h3-Q043=\":443\"; ma=2592000,quic=\":443\"; ma=2592000; v=\"46,43\"","accept-ranges":"none","transfer-encoding":"chunked"}
[debug] [2020-05-05T11:08:52.365Z] >>> HTTP REQUEST GET https://firebase.googleapis.com/v1beta1/projects/bestshayari-7f672  
 
[debug] [2020-05-05T11:08:53.018Z] <<< HTTP RESPONSE 200 {"content-type":"application/json; charset=UTF-8","vary":"X-Origin, Referer, Origin,Accept-Encoding","date":"Tue, 05 May 2020 11:06:26 GMT","server":"ESF","cache-control":"private","x-xss-protection":"0","x-frame-options":"SAMEORIGIN","x-content-type-options":"nosniff","alt-svc":"h3-Q050=\":443\"; ma=2592000,h3-Q049=\":443\"; ma=2592000,h3-Q048=\":443\"; ma=2592000,h3-Q046=\":443\"; ma=2592000,h3-Q043=\":443\"; ma=2592000,quic=\":443\"; ma=2592000; v=\"46,43\"","accept-ranges":"none","transfer-encoding":"chunked"}
[info] 
[info] === Serving from '/home/harshvats/react apps/bestshayari'...
[info] 
[debug] [2020-05-05T11:08:53.028Z] >>> HTTP REQUEST GET https://firebase.googleapis.com/v1beta1/projects/bestshayari-7f672/webApps/-/config  
 
[debug] [2020-05-05T11:08:54.600Z] <<< HTTP RESPONSE 200 {"content-type":"application/json; charset=UTF-8","vary":"X-Origin, Referer, Origin,Accept-Encoding","date":"Tue, 05 May 2020 11:06:27 GMT","server":"ESF","cache-control":"private","x-xss-protection":"0","x-frame-options":"SAMEORIGIN","x-content-type-options":"nosniff","alt-svc":"h3-Q050=\":443\"; ma=2592000,h3-Q049=\":443\"; ma=2592000,h3-Q048=\":443\"; ma=2592000,h3-Q046=\":443\"; ma=2592000,h3-Q043=\":443\"; ma=2592000,quic=\":443\"; ma=2592000; v=\"46,43\"","accept-ranges":"none","transfer-encoding":"chunked"}
[warn] ⚠  hosting: Port 5000 is not available. Trying another port...
[warn] ⚠  hosting: Port 5000 is not available. Trying another port...
[info] i  hosting: Serving hosting files from: public
[info] ✔  hosting: Local server: http://localhost:5010
[debug] [2020-05-05T11:24:01.811Z] ----------------------------------------------------------------------
[debug] [2020-05-05T11:24:01.813Z] Command:       /usr/local/bin/node /usr/local/bin/firebase serve
[debug] [2020-05-05T11:24:01.813Z] CLI Version:   8.2.0
[debug] [2020-05-05T11:24:01.814Z] Platform:      linux
[debug] [2020-05-05T11:24:01.814Z] Node Version:  v12.16.3
[debug] [2020-05-05T11:24:01.814Z] Time:          Tue May 05 2020 16:54:01 GMT+0530 (India Standard Time)
[debug] [2020-05-05T11:24:01.814Z] ----------------------------------------------------------------------
[debug] [2020-05-05T11:24:01.814Z] 
[debug] [2020-05-05T11:24:01.820Z] > command requires scopes: ["email","openid","https://www.googleapis.com/auth/cloudplatformprojects.readonly","https://www.googleapis.com/auth/firebase","https://www.googleapis.com/auth/cloud-platform"]
[debug] [2020-05-05T11:24:01.820Z] > authorizing via signed-in user
[debug] [2020-05-05T11:24:01.820Z] [iam] checking project bestshayari-7f672 for permissions ["firebase.projects.get"]
[debug] [2020-05-05T11:24:01.823Z] >>> HTTP REQUEST POST https://cloudresourcemanager.googleapis.com/v1/projects/bestshayari-7f672:testIamPermissions  
 {"permissions":["firebase.projects.get"]}
[debug] [2020-05-05T11:24:04.079Z] <<< HTTP RESPONSE 200 {"content-type":"application/json; charset=UTF-8","vary":"X-Origin, Referer, Origin,Accept-Encoding","date":"Tue, 05 May 2020 11:21:37 GMT","server":"ESF","cache-control":"private","x-xss-protection":"0","x-frame-options":"SAMEORIGIN","x-content-type-options":"nosniff","server-timing":"gfet4t7; dur=1649","alt-svc":"h3-Q050=\":443\"; ma=2592000,h3-Q049=\":443\"; ma=2592000,h3-Q048=\":443\"; ma=2592000,h3-Q046=\":443\"; ma=2592000,h3-Q043=\":443\"; ma=2592000,quic=\":443\"; ma=2592000; v=\"46,43\"","accept-ranges":"none","transfer-encoding":"chunked"}
[debug] [2020-05-05T11:24:04.082Z] >>> HTTP REQUEST GET https://firebase.googleapis.com/v1beta1/projects/bestshayari-7f672  
 
[debug] [2020-05-05T11:24:04.963Z] <<< HTTP RESPONSE 200 {"content-type":"application/json; charset=UTF-8","vary":"X-Origin, Referer, Origin,Accept-Encoding","date":"Tue, 05 May 2020 11:21:38 GMT","server":"ESF","cache-control":"private","x-xss-protection":"0","x-frame-options":"SAMEORIGIN","x-content-type-options":"nosniff","alt-svc":"h3-Q050=\":443\"; ma=2592000,h3-Q049=\":443\"; ma=2592000,h3-Q048=\":443\"; ma=2592000,h3-Q046=\":443\"; ma=2592000,h3-Q043=\":443\"; ma=2592000,quic=\":443\"; ma=2592000; v=\"46,43\"","accept-ranges":"none","transfer-encoding":"chunked"}
[info] 
[info] === Serving from '/home/harshvats/react apps/bestshayari'...
[info] 
[debug] [2020-05-05T11:24:04.971Z] >>> HTTP REQUEST GET https://firebase.googleapis.com/v1beta1/projects/bestshayari-7f672/webApps/-/config  
 
[debug] [2020-05-05T11:24:06.645Z] <<< HTTP RESPONSE 200 {"content-type":"application/json; charset=UTF-8","vary":"X-Origin, Referer, Origin,Accept-Encoding","date":"Tue, 05 May 2020 11:21:39 GMT","server":"ESF","cache-control":"private","x-xss-protection":"0","x-frame-options":"SAMEORIGIN","x-content-type-options":"nosniff","alt-svc":"h3-Q050=\":443\"; ma=2592000,h3-Q049=\":443\"; ma=2592000,h3-Q048=\":443\"; ma=2592000,h3-Q046=\":443\"; ma=2592000,h3-Q043=\":443\"; ma=2592000,quic=\":443\"; ma=2592000; v=\"46,43\"","accept-ranges":"none","transfer-encoding":"chunked"}
[warn] ⚠  hosting: Port 5000 is not available. Trying another port...
[warn] ⚠  hosting: Port 5000 is not available. Trying another port...
[warn] ⚠  hosting: Port 5000 is not available. Trying another port...
[info] i  hosting: Serving hosting files from: build
[info] ✔  hosting: Local server: http://localhost:5015
